{"total": {"lines":{"total":2068,"covered":1992,"skipped":0,"pct":96.32},"statements":{"total":2068,"covered":1992,"skipped":0,"pct":96.32},"functions":{"total":80,"covered":75,"skipped":0,"pct":93.75},"branches":{"total":133,"covered":112,"skipped":0,"pct":84.21},"branchesTrue":{"total":0,"covered":0,"skipped":0,"pct":"Unknown"}}
,"/home/user/Projects/Mine/HydrusAPI/hydrusapi.js": {"lines":{"total":2068,"covered":1992,"skipped":0,"pct":96.32},"functions":{"total":80,"covered":75,"skipped":0,"pct":93.75},"statements":{"total":2068,"covered":1992,"skipped":0,"pct":96.32},"branches":{"total":133,"covered":112,"skipped":0,"pct":84.21}}
}
