{"total": {"lines":{"total":1120,"covered":1034,"skipped":0,"pct":92.32},"statements":{"total":1120,"covered":1034,"skipped":0,"pct":92.32},"functions":{"total":56,"covered":45,"skipped":0,"pct":80.35},"branches":{"total":84,"covered":70,"skipped":0,"pct":83.33},"branchesTrue":{"total":0,"covered":0,"skipped":0,"pct":"Unknown"}}
,"/home/user/Projects/Mine/HyAPI/api.js": {"lines":{"total":1120,"covered":1034,"skipped":0,"pct":92.32},"functions":{"total":56,"covered":45,"skipped":0,"pct":80.35},"statements":{"total":1120,"covered":1034,"skipped":0,"pct":92.32},"branches":{"total":84,"covered":70,"skipped":0,"pct":83.33}}
}
