{"total": {"lines":{"total":1214,"covered":665,"skipped":0,"pct":54.77},"statements":{"total":1214,"covered":665,"skipped":0,"pct":54.77},"functions":{"total":42,"covered":25,"skipped":0,"pct":59.52},"branches":{"total":62,"covered":49,"skipped":0,"pct":79.03},"branchesTrue":{"total":0,"covered":0,"skipped":0,"pct":"Unknown"}}
,"/home/user/Projects/Mine/HyAPI/api.js": {"lines":{"total":1214,"covered":665,"skipped":0,"pct":54.77},"functions":{"total":42,"covered":25,"skipped":0,"pct":59.52},"statements":{"total":1214,"covered":665,"skipped":0,"pct":54.77},"branches":{"total":62,"covered":49,"skipped":0,"pct":79.03}}
}
